<?xml version="1.0" encoding="UTF-8"?>
<testng-results skipped="0" failed="0" ignored="0" total="5" passed="5">
  <reporter-output>
  </reporter-output>
  <suite name="testsuite" duration-ms="64217" started-at="2023-07-15T21:28:42 EDT" finished-at="2023-07-15T21:29:46 EDT">
    <groups>
    </groups>
    <test name="Login Test" duration-ms="64217" started-at="2023-07-15T21:28:42 EDT" finished-at="2023-07-15T21:29:46 EDT">
      <class name="com.bank.testsuite.BankTest">
        <test-method status="PASS" signature="setUp()[pri:0, instance:com.bank.testsuite.BankTest@2de8284b]" name="setUp" is-config="true" duration-ms="11308" started-at="2023-07-15T21:28:42 EDT" finished-at="2023-07-15T21:28:53 EDT">
          <reporter-output>
          </reporter-output>
        </test-method> <!-- setUp -->
        <test-method status="PASS" signature="bankManagerShouldAddCustomerSuccessfully()[pri:0, instance:com.bank.testsuite.BankTest@2de8284b]" name="bankManagerShouldAddCustomerSuccessfully" duration-ms="3302" started-at="2023-07-15T21:28:53 EDT" finished-at="2023-07-15T21:28:57 EDT">
          <reporter-output>
          </reporter-output>
        </test-method> <!-- bankManagerShouldAddCustomerSuccessfully -->
        <test-method status="PASS" signature="tearDown()[pri:0, instance:com.bank.testsuite.BankTest@2de8284b]" name="tearDown" is-config="true" duration-ms="898" started-at="2023-07-15T21:28:57 EDT" finished-at="2023-07-15T21:28:57 EDT">
          <reporter-output>
          </reporter-output>
        </test-method> <!-- tearDown -->
        <test-method status="PASS" signature="setUp()[pri:0, instance:com.bank.testsuite.BankTest@2de8284b]" name="setUp" is-config="true" duration-ms="8932" started-at="2023-07-15T21:28:57 EDT" finished-at="2023-07-15T21:29:06 EDT">
          <reporter-output>
          </reporter-output>
        </test-method> <!-- setUp -->
        <test-method status="PASS" signature="bankManagerShouldOpenAccountSuccessfully()[pri:0, instance:com.bank.testsuite.BankTest@2de8284b]" name="bankManagerShouldOpenAccountSuccessfully" duration-ms="4875" started-at="2023-07-15T21:29:06 EDT" finished-at="2023-07-15T21:29:11 EDT">
          <reporter-output>
          </reporter-output>
        </test-method> <!-- bankManagerShouldOpenAccountSuccessfully -->
        <test-method status="PASS" signature="tearDown()[pri:0, instance:com.bank.testsuite.BankTest@2de8284b]" name="tearDown" is-config="true" duration-ms="828" started-at="2023-07-15T21:29:11 EDT" finished-at="2023-07-15T21:29:12 EDT">
          <reporter-output>
          </reporter-output>
        </test-method> <!-- tearDown -->
        <test-method status="PASS" signature="setUp()[pri:0, instance:com.bank.testsuite.BankTest@2de8284b]" name="setUp" is-config="true" duration-ms="7460" started-at="2023-07-15T21:29:12 EDT" finished-at="2023-07-15T21:29:20 EDT">
          <reporter-output>
          </reporter-output>
        </test-method> <!-- setUp -->
        <test-method status="PASS" signature="customerShouldDepositMoneySuccessfully()[pri:0, instance:com.bank.testsuite.BankTest@2de8284b]" name="customerShouldDepositMoneySuccessfully" duration-ms="2578" started-at="2023-07-15T21:29:20 EDT" finished-at="2023-07-15T21:29:22 EDT">
          <reporter-output>
          </reporter-output>
        </test-method> <!-- customerShouldDepositMoneySuccessfully -->
        <test-method status="PASS" signature="tearDown()[pri:0, instance:com.bank.testsuite.BankTest@2de8284b]" name="tearDown" is-config="true" duration-ms="810" started-at="2023-07-15T21:29:22 EDT" finished-at="2023-07-15T21:29:23 EDT">
          <reporter-output>
          </reporter-output>
        </test-method> <!-- tearDown -->
        <test-method status="PASS" signature="setUp()[pri:0, instance:com.bank.testsuite.BankTest@2de8284b]" name="setUp" is-config="true" duration-ms="7035" started-at="2023-07-15T21:29:23 EDT" finished-at="2023-07-15T21:29:30 EDT">
          <reporter-output>
          </reporter-output>
        </test-method> <!-- setUp -->
        <test-method status="PASS" signature="customerShouldLoginAndLogoutSuccessfully()[pri:0, instance:com.bank.testsuite.BankTest@2de8284b]" name="customerShouldLoginAndLogoutSuccessfully" duration-ms="2679" started-at="2023-07-15T21:29:30 EDT" finished-at="2023-07-15T21:29:33 EDT">
          <reporter-output>
          </reporter-output>
        </test-method> <!-- customerShouldLoginAndLogoutSuccessfully -->
        <test-method status="PASS" signature="tearDown()[pri:0, instance:com.bank.testsuite.BankTest@2de8284b]" name="tearDown" is-config="true" duration-ms="938" started-at="2023-07-15T21:29:33 EDT" finished-at="2023-07-15T21:29:34 EDT">
          <reporter-output>
          </reporter-output>
        </test-method> <!-- tearDown -->
        <test-method status="PASS" signature="setUp()[pri:0, instance:com.bank.testsuite.BankTest@2de8284b]" name="setUp" is-config="true" duration-ms="7681" started-at="2023-07-15T21:29:34 EDT" finished-at="2023-07-15T21:29:41 EDT">
          <reporter-output>
          </reporter-output>
        </test-method> <!-- setUp -->
        <test-method status="PASS" signature="customerShouldWithdrawMoneySuccessfully()[pri:0, instance:com.bank.testsuite.BankTest@2de8284b]" name="customerShouldWithdrawMoneySuccessfully" duration-ms="4020" started-at="2023-07-15T21:29:41 EDT" finished-at="2023-07-15T21:29:45 EDT">
          <reporter-output>
          </reporter-output>
        </test-method> <!-- customerShouldWithdrawMoneySuccessfully -->
        <test-method status="PASS" signature="tearDown()[pri:0, instance:com.bank.testsuite.BankTest@2de8284b]" name="tearDown" is-config="true" duration-ms="785" started-at="2023-07-15T21:29:45 EDT" finished-at="2023-07-15T21:29:46 EDT">
          <reporter-output>
          </reporter-output>
        </test-method> <!-- tearDown -->
      </class> <!-- com.bank.testsuite.BankTest -->
    </test> <!-- Login Test -->
  </suite> <!-- testsuite -->
</testng-results>
