<?xml version="1.0" encoding="UTF-8"?>
<!-- Generated by org.testng.reporters.JUnitXMLReporter -->
<testsuite hostname="DESKTOP-0TU0947" ignored="0" name="Login Test" tests="5" failures="0" timestamp="2023-07-15T21:29:46 EDT" time="64.217" errors="0">
  <testcase name="bankManagerShouldAddCustomerSuccessfully" time="3.302" classname="com.bank.testsuite.BankTest"/>
  <testcase name="bankManagerShouldOpenAccountSuccessfully" time="4.875" classname="com.bank.testsuite.BankTest"/>
  <testcase name="customerShouldDepositMoneySuccessfully" time="2.578" classname="com.bank.testsuite.BankTest"/>
  <testcase name="customerShouldLoginAndLogoutSuccessfully" time="2.679" classname="com.bank.testsuite.BankTest"/>
  <testcase name="customerShouldWithdrawMoneySuccessfully" time="4.02" classname="com.bank.testsuite.BankTest"/>
</testsuite> <!-- Login Test -->
